<?xml version="1.0" encoding="UTF-8" ?>
<testsuite tests="4" failures="3" name="TestSuite" time="144.38" errors="0" skipped="0">
  <properties>
    <property name="java.runtime.name" value="Java(TM) SE Runtime Environment"/>
    <property name="sun.boot.library.path" value="C:\Program Files\Java\jdk1.8.0_51\jre\bin"/>
    <property name="java.vm.version" value="25.51-b03"/>
    <property name="java.vm.vendor" value="Oracle Corporation"/>
    <property name="java.vendor.url" value="http://java.oracle.com/"/>
    <property name="path.separator" value=";"/>
    <property name="java.vm.name" value="Java HotSpot(TM) 64-Bit Server VM"/>
    <property name="file.encoding.pkg" value="sun.io"/>
    <property name="user.script" value=""/>
    <property name="user.country" value="US"/>
    <property name="sun.java.launcher" value="SUN_STANDARD"/>
    <property name="sun.os.patch.level" value="Service Pack 1"/>
    <property name="java.vm.specification.name" value="Java Virtual Machine Specification"/>
    <property name="user.dir" value="C:\Users\majampan\Desktop\Workspace\citeis-auto"/>
    <property name="java.runtime.version" value="1.8.0_51-b16"/>
    <property name="java.awt.graphicsenv" value="sun.awt.Win32GraphicsEnvironment"/>
    <property name="basedir" value="C:\Users\majampan\Desktop\Workspace\citeis-auto"/>
    <property name="java.endorsed.dirs" value="C:\Program Files\Java\jdk1.8.0_51\jre\lib\endorsed"/>
    <property name="os.arch" value="amd64"/>
    <property name="surefire.real.class.path" value="C:\Users\majampan\Desktop\Workspace\citeis-auto\target\surefire\surefirebooter6273170152237452069.jar"/>
    <property name="java.io.tmpdir" value="C:\Users\majampan\AppData\Local\Temp\"/>
    <property name="line.separator" value="
"/>
    <property name="java.vm.specification.vendor" value="Oracle Corporation"/>
    <property name="user.variant" value=""/>
    <property name="os.name" value="Windows 7"/>
    <property name="sun.jnu.encoding" value="Cp1252"/>
    <property name="jnidispatch.path" value="C:\Users\majampan\AppData\Local\Temp\jna-8938843\jna5740429864280487185.dll"/>
    <property name="java.library.path" value="C:\Program Files\Java\jdk1.8.0_51\jre\bin;C:\WINDOWS\Sun\Java\bin;C:\WINDOWS\system32;C:\WINDOWS;C:\Users\majampan\Desktop\Softwares\apache-maven-3.3.9/bin;C:\Program Files\Java\jdk1.8.0_51/bin;C:\Program Files\Java\jdk1.8.0_51/bin;C:\app\majampan\product\11.2.0\dbhome_1\bin;C:\ProgramData\Oracle\Java\javapath;C:\App\majampan\product\11.2.0\client_1\bin;C:\WINDOWS\system32;C:\WINDOWS;C:\WINDOWS\System32\Wbem;C:\WINDOWS\System32\WindowsPowerShell\v1.0\;C:\WINDOWS\System32\WindowsPowerShell\v1.0\;C:\Program Files (x86)\WebEx\Productivity Tools;%programfiles(x86)%\Cisco\OSD\Shell Applications;C:\Program Files\Java\jdk1.8.0_51\bin;C:\Program Files\apache-maven-3.3.3\bin;C:\Program Files (x86)\Sennheiser\SoftphoneSDK\;."/>
    <property name="surefire.test.class.path" value="C:\Users\majampan\Desktop\Workspace\citeis-auto\target\test-classes;C:\Users\majampan\Desktop\Workspace\citeis-auto\target\classes;C:\Users\majampan\.m2\repository\junit\junit\3.8.1\junit-3.8.1.jar;C:\Users\majampan\.m2\repository\org\testng\testng\6.9.9\testng-6.9.9.jar;C:\Users\majampan\.m2\repository\com\beust\jcommander\1.48\jcommander-1.48.jar;C:\Users\majampan\.m2\repository\org\apache\ant\ant\1.7.0\ant-1.7.0.jar;C:\Users\majampan\.m2\repository\org\apache\ant\ant-launcher\1.7.0\ant-launcher-1.7.0.jar;C:\Users\majampan\.m2\repository\org\yaml\snakeyaml\1.15\snakeyaml-1.15.jar;C:\Users\majampan\.m2\repository\org\beanshell\bsh\2.0b4\bsh-2.0b4.jar;C:\Users\majampan\.m2\repository\org\seleniumhq\selenium\selenium-java\2.49.1\selenium-java-2.49.1.jar;C:\Users\majampan\.m2\repository\org\seleniumhq\selenium\selenium-chrome-driver\2.49.1\selenium-chrome-driver-2.49.1.jar;C:\Users\majampan\.m2\repository\org\seleniumhq\selenium\selenium-remote-driver\2.49.1\selenium-remote-driver-2.49.1.jar;C:\Users\majampan\.m2\repository\cglib\cglib-nodep\2.1_3\cglib-nodep-2.1_3.jar;C:\Users\majampan\.m2\repository\com\google\code\gson\gson\2.3.1\gson-2.3.1.jar;C:\Users\majampan\.m2\repository\org\seleniumhq\selenium\selenium-api\2.49.1\selenium-api-2.49.1.jar;C:\Users\majampan\.m2\repository\org\seleniumhq\selenium\selenium-edge-driver\2.49.1\selenium-edge-driver-2.49.1.jar;C:\Users\majampan\.m2\repository\commons-io\commons-io\2.4\commons-io-2.4.jar;C:\Users\majampan\.m2\repository\org\seleniumhq\selenium\selenium-htmlunit-driver\2.49.1\selenium-htmlunit-driver-2.49.1.jar;C:\Users\majampan\.m2\repository\net\sourceforge\htmlunit\htmlunit\2.18\htmlunit-2.18.jar;C:\Users\majampan\.m2\repository\xalan\xalan\2.7.2\xalan-2.7.2.jar;C:\Users\majampan\.m2\repository\xalan\serializer\2.7.2\serializer-2.7.2.jar;C:\Users\majampan\.m2\repository\org\apache\commons\commons-lang3\3.4\commons-lang3-3.4.jar;C:\Users\majampan\.m2\repository\org\apache\httpcomponents\httpmime\4.5\httpmime-4.5.jar;C:\Users\majampan\.m2\repository\commons-codec\commons-codec\1.10\commons-codec-1.10.jar;C:\Users\majampan\.m2\repository\net\sourceforge\htmlunit\htmlunit-core-js\2.17\htmlunit-core-js-2.17.jar;C:\Users\majampan\.m2\repository\xerces\xercesImpl\2.11.0\xercesImpl-2.11.0.jar;C:\Users\majampan\.m2\repository\xml-apis\xml-apis\1.4.01\xml-apis-1.4.01.jar;C:\Users\majampan\.m2\repository\net\sourceforge\nekohtml\nekohtml\1.9.22\nekohtml-1.9.22.jar;C:\Users\majampan\.m2\repository\net\sourceforge\cssparser\cssparser\0.9.16\cssparser-0.9.16.jar;C:\Users\majampan\.m2\repository\org\w3c\css\sac\1.3\sac-1.3.jar;C:\Users\majampan\.m2\repository\commons-logging\commons-logging\1.2\commons-logging-1.2.jar;C:\Users\majampan\.m2\repository\org\eclipse\jetty\websocket\websocket-client\9.2.12.v20150709\websocket-client-9.2.12.v20150709.jar;C:\Users\majampan\.m2\repository\org\eclipse\jetty\jetty-util\9.2.12.v20150709\jetty-util-9.2.12.v20150709.jar;C:\Users\majampan\.m2\repository\org\eclipse\jetty\jetty-io\9.2.12.v20150709\jetty-io-9.2.12.v20150709.jar;C:\Users\majampan\.m2\repository\org\eclipse\jetty\websocket\websocket-common\9.2.12.v20150709\websocket-common-9.2.12.v20150709.jar;C:\Users\majampan\.m2\repository\org\eclipse\jetty\websocket\websocket-api\9.2.12.v20150709\websocket-api-9.2.12.v20150709.jar;C:\Users\majampan\.m2\repository\commons-collections\commons-collections\3.2.2\commons-collections-3.2.2.jar;C:\Users\majampan\.m2\repository\org\apache\httpcomponents\httpclient\4.5.1\httpclient-4.5.1.jar;C:\Users\majampan\.m2\repository\org\apache\httpcomponents\httpcore\4.4.3\httpcore-4.4.3.jar;C:\Users\majampan\.m2\repository\org\seleniumhq\selenium\selenium-firefox-driver\2.49.1\selenium-firefox-driver-2.49.1.jar;C:\Users\majampan\.m2\repository\org\seleniumhq\selenium\selenium-ie-driver\2.49.1\selenium-ie-driver-2.49.1.jar;C:\Users\majampan\.m2\repository\net\java\dev\jna\jna\4.1.0\jna-4.1.0.jar;C:\Users\majampan\.m2\repository\net\java\dev\jna\jna-platform\4.1.0\jna-platform-4.1.0.jar;C:\Users\majampan\.m2\repository\org\seleniumhq\selenium\selenium-safari-driver\2.49.1\selenium-safari-driver-2.49.1.jar;C:\Users\majampan\.m2\repository\org\seleniumhq\selenium\selenium-support\2.49.1\selenium-support-2.49.1.jar;C:\Users\majampan\.m2\repository\org\webbitserver\webbit\0.4.14\webbit-0.4.14.jar;C:\Users\majampan\.m2\repository\io\netty\netty\3.5.2.Final\netty-3.5.2.Final.jar;C:\Users\majampan\.m2\repository\org\seleniumhq\selenium\selenium-leg-rc\2.49.1\selenium-leg-rc-2.49.1.jar;C:\Users\majampan\.m2\repository\org\apache\commons\commons-exec\1.3\commons-exec-1.3.jar;C:\Users\majampan\.m2\repository\org\apache\maven\plugin-tools\maven-plugin-annotations\3.4\maven-plugin-annotations-3.4.jar;C:\Users\majampan\.m2\repository\org\apache\maven\maven-artifact\3.0\maven-artifact-3.0.jar;C:\Users\majampan\.m2\repository\org\codehaus\plexus\plexus-utils\2.0.4\plexus-utils-2.0.4.jar;C:\Users\majampan\.m2\repository\ru\stqa\selenium\webdriver-factory\1.0\webdriver-factory-1.0.jar;C:\Users\majampan\.m2\repository\com\opera\operadriver\1.5\operadriver-1.5.jar;C:\Users\majampan\.m2\repository\com\opera\operalaunchers\1.1\operalaunchers-1.1.jar;C:\Users\majampan\.m2\repository\com\google\protobuf\protobuf-java\2.4.1\protobuf-java-2.4.1.jar;C:\Users\majampan\.m2\repository\com\google\guava\guava\14.0\guava-14.0.jar;C:\Users\majampan\.m2\repository\commons-jxpath\commons-jxpath\1.3\commons-jxpath-1.3.jar;C:\Users\majampan\.m2\repository\org\ini4j\ini4j\0.5.2\ini4j-0.5.2.jar;C:\Users\majampan\.m2\repository\com\github\detro\ghostdriver\phantomjsdriver\1.1.0\phantomjsdriver-1.1.0.jar;C:\Users\majampan\Desktop\Workspace\citeis-auto\ExtnLib\ATUReporter_Selenium_testNG_5.5_BETA.jar;C:\Users\majampan\.m2\repository\org\apache\maven\surefire\surefire-testng-utils\2.8.1\surefire-testng-utils-2.8.1.jar;"/>
    <property name="suite" value="AppFlow.xml"/>
    <property name="java.specification.name" value="Java Platform API Specification"/>
    <property name="java.class.version" value="52.0"/>
    <property name="sun.management.compiler" value="HotSpot 64-Bit Tiered Compilers"/>
    <property name="os.version" value="6.1"/>
    <property name="user.home" value="C:\Users\majampan"/>
    <property name="user.timezone" value="Asia/Calcutta"/>
    <property name="atu.reporter.config" value="props\atu.properties"/>
    <property name="java.awt.printerjob" value="sun.awt.windows.WPrinterJob"/>
    <property name="java.specification.version" value="1.8"/>
    <property name="file.encoding" value="Cp1252"/>
    <property name="user.name" value="majampan"/>
    <property name="java.class.path" value="C:\Users\majampan\Desktop\Workspace\citeis-auto\target\test-classes;C:\Users\majampan\Desktop\Workspace\citeis-auto\target\classes;C:\Users\majampan\.m2\repository\junit\junit\3.8.1\junit-3.8.1.jar;C:\Users\majampan\.m2\repository\org\testng\testng\6.9.9\testng-6.9.9.jar;C:\Users\majampan\.m2\repository\com\beust\jcommander\1.48\jcommander-1.48.jar;C:\Users\majampan\.m2\repository\org\apache\ant\ant\1.7.0\ant-1.7.0.jar;C:\Users\majampan\.m2\repository\org\apache\ant\ant-launcher\1.7.0\ant-launcher-1.7.0.jar;C:\Users\majampan\.m2\repository\org\yaml\snakeyaml\1.15\snakeyaml-1.15.jar;C:\Users\majampan\.m2\repository\org\beanshell\bsh\2.0b4\bsh-2.0b4.jar;C:\Users\majampan\.m2\repository\org\seleniumhq\selenium\selenium-java\2.49.1\selenium-java-2.49.1.jar;C:\Users\majampan\.m2\repository\org\seleniumhq\selenium\selenium-chrome-driver\2.49.1\selenium-chrome-driver-2.49.1.jar;C:\Users\majampan\.m2\repository\org\seleniumhq\selenium\selenium-remote-driver\2.49.1\selenium-remote-driver-2.49.1.jar;C:\Users\majampan\.m2\repository\cglib\cglib-nodep\2.1_3\cglib-nodep-2.1_3.jar;C:\Users\majampan\.m2\repository\com\google\code\gson\gson\2.3.1\gson-2.3.1.jar;C:\Users\majampan\.m2\repository\org\seleniumhq\selenium\selenium-api\2.49.1\selenium-api-2.49.1.jar;C:\Users\majampan\.m2\repository\org\seleniumhq\selenium\selenium-edge-driver\2.49.1\selenium-edge-driver-2.49.1.jar;C:\Users\majampan\.m2\repository\commons-io\commons-io\2.4\commons-io-2.4.jar;C:\Users\majampan\.m2\repository\org\seleniumhq\selenium\selenium-htmlunit-driver\2.49.1\selenium-htmlunit-driver-2.49.1.jar;C:\Users\majampan\.m2\repository\net\sourceforge\htmlunit\htmlunit\2.18\htmlunit-2.18.jar;C:\Users\majampan\.m2\repository\xalan\xalan\2.7.2\xalan-2.7.2.jar;C:\Users\majampan\.m2\repository\xalan\serializer\2.7.2\serializer-2.7.2.jar;C:\Users\majampan\.m2\repository\org\apache\commons\commons-lang3\3.4\commons-lang3-3.4.jar;C:\Users\majampan\.m2\repository\org\apache\httpcomponents\httpmime\4.5\httpmime-4.5.jar;C:\Users\majampan\.m2\repository\commons-codec\commons-codec\1.10\commons-codec-1.10.jar;C:\Users\majampan\.m2\repository\net\sourceforge\htmlunit\htmlunit-core-js\2.17\htmlunit-core-js-2.17.jar;C:\Users\majampan\.m2\repository\xerces\xercesImpl\2.11.0\xercesImpl-2.11.0.jar;C:\Users\majampan\.m2\repository\xml-apis\xml-apis\1.4.01\xml-apis-1.4.01.jar;C:\Users\majampan\.m2\repository\net\sourceforge\nekohtml\nekohtml\1.9.22\nekohtml-1.9.22.jar;C:\Users\majampan\.m2\repository\net\sourceforge\cssparser\cssparser\0.9.16\cssparser-0.9.16.jar;C:\Users\majampan\.m2\repository\org\w3c\css\sac\1.3\sac-1.3.jar;C:\Users\majampan\.m2\repository\commons-logging\commons-logging\1.2\commons-logging-1.2.jar;C:\Users\majampan\.m2\repository\org\eclipse\jetty\websocket\websocket-client\9.2.12.v20150709\websocket-client-9.2.12.v20150709.jar;C:\Users\majampan\.m2\repository\org\eclipse\jetty\jetty-util\9.2.12.v20150709\jetty-util-9.2.12.v20150709.jar;C:\Users\majampan\.m2\repository\org\eclipse\jetty\jetty-io\9.2.12.v20150709\jetty-io-9.2.12.v20150709.jar;C:\Users\majampan\.m2\repository\org\eclipse\jetty\websocket\websocket-common\9.2.12.v20150709\websocket-common-9.2.12.v20150709.jar;C:\Users\majampan\.m2\repository\org\eclipse\jetty\websocket\websocket-api\9.2.12.v20150709\websocket-api-9.2.12.v20150709.jar;C:\Users\majampan\.m2\repository\commons-collections\commons-collections\3.2.2\commons-collections-3.2.2.jar;C:\Users\majampan\.m2\repository\org\apache\httpcomponents\httpclient\4.5.1\httpclient-4.5.1.jar;C:\Users\majampan\.m2\repository\org\apache\httpcomponents\httpcore\4.4.3\httpcore-4.4.3.jar;C:\Users\majampan\.m2\repository\org\seleniumhq\selenium\selenium-firefox-driver\2.49.1\selenium-firefox-driver-2.49.1.jar;C:\Users\majampan\.m2\repository\org\seleniumhq\selenium\selenium-ie-driver\2.49.1\selenium-ie-driver-2.49.1.jar;C:\Users\majampan\.m2\repository\net\java\dev\jna\jna\4.1.0\jna-4.1.0.jar;C:\Users\majampan\.m2\repository\net\java\dev\jna\jna-platform\4.1.0\jna-platform-4.1.0.jar;C:\Users\majampan\.m2\repository\org\seleniumhq\selenium\selenium-safari-driver\2.49.1\selenium-safari-driver-2.49.1.jar;C:\Users\majampan\.m2\repository\org\seleniumhq\selenium\selenium-support\2.49.1\selenium-support-2.49.1.jar;C:\Users\majampan\.m2\repository\org\webbitserver\webbit\0.4.14\webbit-0.4.14.jar;C:\Users\majampan\.m2\repository\io\netty\netty\3.5.2.Final\netty-3.5.2.Final.jar;C:\Users\majampan\.m2\repository\org\seleniumhq\selenium\selenium-leg-rc\2.49.1\selenium-leg-rc-2.49.1.jar;C:\Users\majampan\.m2\repository\org\apache\commons\commons-exec\1.3\commons-exec-1.3.jar;C:\Users\majampan\.m2\repository\org\apache\maven\plugin-tools\maven-plugin-annotations\3.4\maven-plugin-annotations-3.4.jar;C:\Users\majampan\.m2\repository\org\apache\maven\maven-artifact\3.0\maven-artifact-3.0.jar;C:\Users\majampan\.m2\repository\org\codehaus\plexus\plexus-utils\2.0.4\plexus-utils-2.0.4.jar;C:\Users\majampan\.m2\repository\ru\stqa\selenium\webdriver-factory\1.0\webdriver-factory-1.0.jar;C:\Users\majampan\.m2\repository\com\opera\operadriver\1.5\operadriver-1.5.jar;C:\Users\majampan\.m2\repository\com\opera\operalaunchers\1.1\operalaunchers-1.1.jar;C:\Users\majampan\.m2\repository\com\google\protobuf\protobuf-java\2.4.1\protobuf-java-2.4.1.jar;C:\Users\majampan\.m2\repository\com\google\guava\guava\14.0\guava-14.0.jar;C:\Users\majampan\.m2\repository\commons-jxpath\commons-jxpath\1.3\commons-jxpath-1.3.jar;C:\Users\majampan\.m2\repository\org\ini4j\ini4j\0.5.2\ini4j-0.5.2.jar;C:\Users\majampan\.m2\repository\com\github\detro\ghostdriver\phantomjsdriver\1.1.0\phantomjsdriver-1.1.0.jar;C:\Users\majampan\Desktop\Workspace\citeis-auto\ExtnLib\ATUReporter_Selenium_testNG_5.5_BETA.jar;C:\Users\majampan\.m2\repository\org\apache\maven\surefire\surefire-testng-utils\2.8.1\surefire-testng-utils-2.8.1.jar;"/>
    <property name="java.vm.specification.version" value="1.8"/>
    <property name="sun.arch.data.model" value="64"/>
    <property name="java.home" value="C:\Program Files\Java\jdk1.8.0_51\jre"/>
    <property name="sun.java.command" value="C:\Users\majampan\Desktop\Workspace\citeis-auto\target\surefire\surefirebooter6273170152237452069.jar C:\Users\majampan\Desktop\Workspace\citeis-auto\target\surefire\surefire3945467517746369974tmp C:\Users\majampan\Desktop\Workspace\citeis-auto\target\surefire\surefire6901191180580982215tmp"/>
    <property name="java.specification.vendor" value="Oracle Corporation"/>
    <property name="user.language" value="en"/>
    <property name="awt.toolkit" value="sun.awt.windows.WToolkit"/>
    <property name="java.vm.info" value="mixed mode"/>
    <property name="java.version" value="1.8.0_51"/>
    <property name="java.ext.dirs" value="C:\Program Files\Java\jdk1.8.0_51\jre\lib\ext;C:\WINDOWS\Sun\Java\lib\ext"/>
    <property name="sun.boot.class.path" value="C:\Program Files\Java\jdk1.8.0_51\jre\lib\resources.jar;C:\Program Files\Java\jdk1.8.0_51\jre\lib\rt.jar;C:\Program Files\Java\jdk1.8.0_51\jre\lib\sunrsasign.jar;C:\Program Files\Java\jdk1.8.0_51\jre\lib\jsse.jar;C:\Program Files\Java\jdk1.8.0_51\jre\lib\jce.jar;C:\Program Files\Java\jdk1.8.0_51\jre\lib\charsets.jar;C:\Program Files\Java\jdk1.8.0_51\jre\lib\jfr.jar;C:\Program Files\Java\jdk1.8.0_51\jre\classes"/>
    <property name="java.vendor" value="Oracle Corporation"/>
    <property name="localRepository" value="C:\Users\majampan\.m2\repository"/>
    <property name="file.separator" value="\"/>
    <property name="java.vendor.url.bug" value="http://bugreport.sun.com/bugreport/"/>
    <property name="sun.cpu.endian" value="little"/>
    <property name="sun.io.unicode.encoding" value="UnicodeLittle"/>
    <property name="sun.desktop" value="windows"/>
    <property name="sun.cpu.isalist" value="amd64"/>
  </properties>
  <testcase classname="com.cisco.citeis.scripts.VerifyAppFlow" name="validateAppFlow" time="56.57"/>
  <testcase classname="com.cisco.citeis.scripts.VerifyAppFlow" name="validateAppFlow" time="5.112">
    <failure message="&apos;fcs-test-qa1&apos; Application not present" type="java.lang.AssertionError">java.lang.AssertionError: &apos;fcs-test-qa1&apos; Application not present
	at org.testng.Assert.fail(Assert.java:94)
	at com.cisco.citeis.pages.MyApplicationsPage.validateAppFlow(MyApplicationsPage.java:122)
	at com.cisco.citeis.scripts.VerifyAppFlow.validateAppFlow(VerifyAppFlow.java:33)
</failure>
  </testcase>
  <testcase classname="com.cisco.citeis.scripts.VerifyAppFlow" name="validateAppFlow" time="36.432">
    <failure message="&apos;fcs-test1&apos; Profile not present" type="java.lang.AssertionError">java.lang.AssertionError: &apos;fcs-test1&apos; Profile not present
	at org.testng.Assert.fail(Assert.java:94)
	at com.cisco.citeis.pages.MyApplicationsPage.validateAppFlow(MyApplicationsPage.java:126)
	at com.cisco.citeis.scripts.VerifyAppFlow.validateAppFlow(VerifyAppFlow.java:33)
</failure>
  </testcase>
  <testcase classname="com.cisco.citeis.scripts.VerifyAppFlow" name="validateAppFlow" time="40.759">
    <failure message="&apos;stage-epg-wo1&apos; EPG not present" type="java.lang.AssertionError">java.lang.AssertionError: &apos;stage-epg-wo1&apos; EPG not present
	at org.testng.Assert.fail(Assert.java:94)
	at com.cisco.citeis.pages.MyApplicationsPage.validateEPGDisplayed(MyApplicationsPage.java:144)
	at com.cisco.citeis.pages.MyApplicationsPage.validateAppFlow(MyApplicationsPage.java:86)
	at com.cisco.citeis.scripts.VerifyAppFlow.validateAppFlow(VerifyAppFlow.java:33)
</failure>
  </testcase>
</testsuite>